<?xml version="1.0" encoding="UTF-8"?>
<testsuite name="my.org.autotest.CSSSRLinkTest" time="86.201" tests="2" errors="0" skipped="0" failures="1">
  <properties>
[...]
</properties>
  <testcase name="SoftLinkCheckingTest" classname="my.org.autotest.CSSSRLinkTest" time="63.639">
    <failure type="java.lang.AssertionError:">java.lang.AssertionError: null
	at org.junit.Assert.fail(Assert.java:86)
	at org.junit.Assert.assertTrue(Assert.java:41)
	at org.junit.Assert.assertFalse(Assert.java:64)
	at org.junit.Assert.assertFalse(Assert.java:74)
	at my.org.autotest.CSSSRLinkTest.SoftLinkCheckingTest(CSSSRLinkTest.java:70)
</failure>
    <system-out>start logger part
#####Present Project Directory : c:\eclipse\Workspace\CSSSRTest
#####LogFileName  c:\eclipse\Workspace\CSSSRTest/nee.log4j.properties
Starting ChromeDriver 2.43.600210 (68dcf5eebde37173d4027fa8635e332711d2874a) on port 29713
Only local connections are allowed.
</system-out>
  </testcase>
  <testcase name="VKLinkCheckingTest" classname="my.org.autotest.CSSSRLinkTest" time="22.562"/>
</testsuite>